<?xml version="1.0" encoding="UTF-8"?>
<!-- Generated by org.testng.reporters.JUnitReportReporter -->
<testsuite hostname="DESKTOP-N3QLK5G" failures="0" tests="3" name="pack1.Testclass1ng" time="0.044" errors="0" timestamp="2022-05-25T00:19:44 IST" skipped="0">
  <testcase classname="pack1.Testclass1ng" name="testC" time="0.006"/>
  <system-out/>
  <testcase classname="pack1.Testclass1ng" name="testB" time="0.006"/>
  <system-out/>
  <testcase classname="pack1.Testclass1ng" name="testA" time="0.032"/>
  <system-out/>
</testsuite> <!-- pack1.Testclass1ng -->
