<?xml version="1.0" encoding="UTF-8"?>
<!-- Generated by org.testng.reporters.JUnitReportReporter -->
<testsuite hostname="DESKTOP-N3QLK5G" failures="0" tests="2" name="basepackage.Baseclass" time="11.932" errors="0" timestamp="2022-05-25T00:19:44 IST" skipped="0">
  <testcase classname="basepackage.Baseclass" name="homepade1" time="2.050"/>
  <system-out/>
  <testcase classname="basepackage.Baseclass" name="loginpage" time="9.882"/>
  <system-out/>
</testsuite> <!-- basepackage.Baseclass -->
