<?xml version="1.0" encoding="UTF-8"?>
<!-- Generated by org.testng.reporters.JUnitReportReporter -->
<testsuite hostname="DESKTOP-N3QLK5G" failures="0" tests="3" name="pack1.Testclass2ng" time="0.014" errors="0" timestamp="2022-05-25T00:19:44 IST" skipped="0">
  <testcase classname="pack1.Testclass2ng" name="testA" time="0.008"/>
  <system-out/>
  <testcase classname="pack1.Testclass2ng" name="testB" time="0.004"/>
  <system-out/>
  <testcase classname="pack1.Testclass2ng" name="testC" time="0.002"/>
  <system-out/>
</testsuite> <!-- pack1.Testclass2ng -->
